TN:
SF:/home/ggomes/Documents/discord-overlay/src/config.rs
FN:32,<impl Default for Config>::default
FN:50,Config::load
FN:79,Config::write_default_if_missing
FN:155,config_path
FN:159,dirs_config_path
FNF:5
FNDA:1,<impl Default for Config>::default
FNDA:1,Config::load
FNDA:1,Config::write_default_if_missing
FNDA:1,config_path
FNDA:1,dirs_config_path
DA:32,1
DA:34,1
DA:35,1
DA:40,1
DA:41,1
DA:42,1
DA:50,1
DA:51,1
DA:52,2
DA:53,2
DA:54,1
DA:55,3
DA:56,1
DA:58,1
DA:59,3
DA:60,1
DA:64,3
DA:65,2
DA:69,4
DA:70,2
DA:72,1
DA:73,0
DA:75,1
DA:79,1
DA:80,1
DA:81,2
DA:86,2
DA:87,2
DA:88,3
DA:92,2
DA:96,1
DA:128,2
DA:130,3
DA:132,1
DA:133,3
DA:134,2
DA:135,2
DA:137,2
DA:138,0
DA:140,0
DA:141,0
DA:143,0
DA:146,1
DA:147,3
DA:155,1
DA:156,1
DA:159,1
DA:160,1
DA:161,1
DA:162,1
DA:163,0
DA:164,0
DA:166,3
LF:53
LH:46
end_of_record
TN:
SF:/home/ggomes/Documents/discord-overlay/src/discord.rs
FN:87,spawn
FN:107,ParticipantBuilder::new
FN:118,ParticipantBuilder::nick
FN:123,ParticipantBuilder::avatar_hash
FN:128,ParticipantBuilder::muted
FN:133,ParticipantBuilder::deafened
FN:138,ParticipantBuilder::build
FN:172,<impl EventHandler for GetGuildHandler>::matches
FN:176,<impl EventHandler for GetGuildHandler>::handle
FN:195,<impl EventHandler for VoiceChannelSelectHandler>::matches
FN:199,<impl EventHandler for VoiceChannelSelectHandler>::handle
FN:274,<impl EventHandler for SpeakingStartHandler>::matches
FN:278,<impl EventHandler for SpeakingStartHandler>::handle
FN:298,<impl EventHandler for SpeakingEndHandler>::matches
FN:302,<impl EventHandler for SpeakingEndHandler>::handle
FN:322,<impl EventHandler for VoiceStateUpdateHandler>::matches
FN:326,<impl EventHandler for VoiceStateUpdateHandler>::handle
FN:348,<impl EventHandler for VoiceStateCreateHandler>::matches
FN:352,<impl EventHandler for VoiceStateCreateHandler>::handle
FN:374,<impl EventHandler for VoiceStateDeleteHandler>::matches
FN:378,<impl EventHandler for VoiceStateDeleteHandler>::handle
FN:397,<impl EventHandler for VoiceChannelSelectEventHandler>::matches
FN:401,<impl EventHandler for VoiceChannelSelectEventHandler>::handle
FN:426,get_event_handlers
FN:441,get_uid
FN:453,find_socket
FN:484,write_frame
FN:491,read_frame
FN:503,send_cmd
FN:509,token_path
FN:518,load_token
FN:527,save_token
FN:536,http_exchange
FN:548,exchange_code
FN:556,do_refresh
FN:576,authenticate
FN:606,authorize_flow
FN:653,try_auth
FN:689,parse_participants
FN:697,parse_voice_state
FN:717,subscribe_for_channel
FN:770,avatar_base_url
FN:775,fetch_and_send_avatar
FN:805,run_client
FN:829,try_connect
FN:1153,wait_for_ready
FN:1169,process_frame_events
FN:1188,dispatch_event
FN:1214,is_timeout
FNF:49
FNDA:0,spawn
FNDA:6,ParticipantBuilder::new
FNDA:1,ParticipantBuilder::nick
FNDA:1,ParticipantBuilder::avatar_hash
FNDA:6,ParticipantBuilder::muted
FNDA:2,ParticipantBuilder::deafened
FNDA:4,ParticipantBuilder::build
FNDA:5,<impl EventHandler for GetGuildHandler>::matches
FNDA:1,<impl EventHandler for GetGuildHandler>::handle
FNDA:2,<impl EventHandler for VoiceChannelSelectHandler>::matches
FNDA:1,<impl EventHandler for VoiceChannelSelectHandler>::handle
FNDA:2,<impl EventHandler for SpeakingStartHandler>::matches
FNDA:1,<impl EventHandler for SpeakingStartHandler>::handle
FNDA:2,<impl EventHandler for SpeakingEndHandler>::matches
FNDA:1,<impl EventHandler for SpeakingEndHandler>::handle
FNDA:3,<impl EventHandler for VoiceStateUpdateHandler>::matches
FNDA:1,<impl EventHandler for VoiceStateUpdateHandler>::handle
FNDA:2,<impl EventHandler for VoiceStateCreateHandler>::matches
FNDA:1,<impl EventHandler for VoiceStateCreateHandler>::handle
FNDA:2,<impl EventHandler for VoiceStateDeleteHandler>::matches
FNDA:1,<impl EventHandler for VoiceStateDeleteHandler>::handle
FNDA:2,<impl EventHandler for VoiceChannelSelectEventHandler>::matches
FNDA:1,<impl EventHandler for VoiceChannelSelectEventHandler>::handle
FNDA:2,get_event_handlers
FNDA:1,get_uid
FNDA:1,find_socket
FNDA:4,write_frame
FNDA:3,read_frame
FNDA:1,send_cmd
FNDA:1,token_path
FNDA:1,load_token
FNDA:1,save_token
FNDA:0,http_exchange
FNDA:0,exchange_code
FNDA:0,do_refresh
FNDA:1,authenticate
FNDA:0,authorize_flow
FNDA:1,try_auth
FNDA:1,parse_participants
FNDA:1,parse_voice_state
FNDA:1,subscribe_for_channel
FNDA:1,avatar_base_url
FNDA:0,fetch_and_send_avatar
FNDA:0,run_client
FNDA:0,try_connect
FNDA:1,wait_for_ready
FNDA:2,process_frame_events
FNDA:5,dispatch_event
FNDA:1,is_timeout
DA:87,0
DA:92,0
DA:107,6
DA:109,1
DA:110,2
DA:118,1
DA:119,4
DA:120,4
DA:123,1
DA:124,5
DA:125,2
DA:128,6
DA:129,2
DA:130,6
DA:133,2
DA:134,1
DA:135,3
DA:138,4
DA:140,4
DA:141,1
DA:142,4
DA:143,5
DA:144,5
DA:145,2
DA:172,5
DA:173,2
DA:176,1
DA:183,1
DA:184,2
DA:185,1
DA:187,1
DA:189,0
DA:195,2
DA:196,3
DA:199,1
DA:206,2
DA:207,1
DA:208,2
DA:210,2
DA:211,2
DA:213,3
DA:214,3
DA:215,3
DA:216,1
DA:217,1
DA:218,3
DA:219,3
DA:221,3
DA:223,3
DA:224,3
DA:226,3
DA:228,3
DA:229,3
DA:232,3
DA:233,1
DA:234,2
DA:235,1
DA:236,1
DA:237,1
DA:238,4
DA:240,1
DA:242,3
DA:243,3
DA:245,1
DA:246,2
DA:247,2
DA:248,1
DA:252,1
DA:253,3
DA:254,3
DA:256,2
DA:257,1
DA:258,1
DA:261,1
DA:263,2
DA:264,1
DA:265,1
DA:267,1
DA:274,2
DA:275,2
DA:278,1
DA:285,1
DA:286,2
DA:287,1
DA:290,1
DA:292,0
DA:298,2
DA:299,1
DA:302,1
DA:309,1
DA:310,2
DA:311,1
DA:314,1
DA:316,0
DA:322,3
DA:323,1
DA:326,1
DA:333,1
DA:334,2
DA:335,2
DA:336,1
DA:337,1
DA:338,1
DA:340,1
DA:342,0
DA:348,2
DA:349,1
DA:352,1
DA:359,1
DA:360,2
DA:361,1
DA:362,1
DA:363,2
DA:365,2
DA:366,1
DA:368,0
DA:374,2
DA:375,1
DA:378,1
DA:385,1
DA:386,2
DA:387,1
DA:389,1
DA:391,0
DA:397,2
DA:398,1
DA:401,1
DA:408,1
DA:409,1
DA:410,1
DA:412,2
DA:413,1
DA:414,1
DA:416,1
DA:417,1
DA:418,1
DA:421,1
DA:426,2
DA:427,6
DA:428,3
DA:429,4
DA:430,5
DA:431,9
DA:432,10
DA:433,6
DA:434,6
DA:435,1
DA:441,1
DA:442,1
DA:444,2
DA:445,2
DA:446,3
DA:447,3
DA:448,3
DA:453,1
DA:454,1
DA:455,1
DA:456,4
DA:458,1
DA:459,1
DA:460,2
DA:461,2
DA:462,1
DA:463,1
DA:466,2
DA:467,2
DA:468,1
DA:469,3
DA:470,3
DA:471,1
DA:475,0
DA:484,4
DA:485,4
DA:486,3
DA:487,3
DA:488,3
DA:491,3
DA:492,3
DA:493,3
DA:494,3
DA:495,3
DA:496,3
DA:497,6
DA:498,5
DA:500,2
DA:503,1
DA:504,3
DA:509,1
DA:510,1
DA:511,2
DA:514,1
DA:515,1
DA:518,1
DA:519,1
DA:520,2
DA:521,1
DA:522,2
DA:523,2
DA:527,1
DA:529,1
DA:530,2
DA:536,0
DA:537,0
DA:539,0
DA:541,0
DA:542,0
DA:543,0
DA:544,0
DA:548,0
DA:549,0
DA:553,0
DA:556,0
DA:557,0
DA:561,0
DA:576,1
DA:579,1
DA:585,2
DA:587,2
DA:588,0
DA:590,4
DA:591,4
DA:592,4
DA:593,3
DA:594,1
DA:596,2
DA:599,0
DA:600,0
DA:606,0
DA:607,0
DA:610,0
DA:621,0
DA:622,0
DA:623,0
DA:624,0
DA:625,0
DA:627,0
DA:628,0
DA:629,0
DA:630,0
DA:631,0
DA:633,0
DA:634,0
DA:638,0
DA:639,0
DA:640,0
DA:641,0
DA:646,0
DA:647,0
DA:648,0
DA:649,0
DA:650,0
DA:653,1
DA:654,1
DA:656,2
DA:657,1
DA:660,0
DA:661,0
DA:662,0
DA:663,0
DA:664,0
DA:667,0
DA:670,0
DA:672,0
DA:676,0
DA:677,0
DA:680,0
DA:684,0
DA:689,1
DA:690,1
DA:694,2
DA:697,1
DA:698,1
DA:699,2
DA:700,1
DA:701,4
DA:702,1
DA:704,3
DA:707,1
DA:708,4
DA:710,12
DA:711,11
DA:712,6
DA:713,7
DA:717,1
DA:718,1
DA:721,2
DA:725,2
DA:728,1
DA:731,2
DA:735,2
DA:738,1
DA:741,2
DA:745,2
DA:748,1
DA:751,2
DA:755,2
DA:758,1
DA:761,2
DA:765,2
DA:770,1
DA:771,1
DA:772,3
DA:775,0
DA:780,0
DA:781,0
DA:782,0
DA:783,0
DA:784,0
DA:785,0
DA:786,0
DA:787,0
DA:788,0
DA:790,0
DA:791,0
DA:792,0
DA:793,0
DA:805,0
DA:810,0
DA:811,0
DA:812,0
DA:813,0
DA:814,0
DA:815,0
DA:816,0
DA:819,0
DA:823,0
DA:824,0
DA:825,0
DA:829,0
DA:835,0
DA:836,0
DA:837,0
DA:839,0
DA:840,0
DA:847,0
DA:851,0
DA:852,0
DA:855,0
DA:856,0
DA:860,0
DA:864,0
DA:866,0
DA:867,0
DA:868,0
DA:871,0
DA:872,0
DA:873,0
DA:874,0
DA:875,0
DA:881,0
DA:889,0
DA:899,0
DA:908,0
DA:916,0
DA:917,0
DA:919,0
DA:920,0
DA:921,0
DA:924,0
DA:927,0
DA:932,0
DA:935,0
DA:942,0
DA:943,0
DA:944,0
DA:945,0
DA:946,0
DA:947,0
DA:951,0
DA:952,0
DA:953,0
DA:955,0
DA:956,0
DA:957,0
DA:958,0
DA:960,0
DA:961,0
DA:963,0
DA:964,0
DA:966,0
DA:967,0
DA:969,0
DA:972,0
DA:983,0
DA:984,0
DA:985,0
DA:986,0
DA:991,0
DA:992,0
DA:993,0
DA:994,0
DA:995,0
DA:996,0
DA:997,0
DA:1000,0
DA:1001,0
DA:1003,0
DA:1004,0
DA:1005,0
DA:1006,0
DA:1007,0
DA:1008,0
DA:1009,0
DA:1011,0
DA:1013,0
DA:1014,0
DA:1016,0
DA:1018,0
DA:1019,0
DA:1021,0
DA:1022,0
DA:1023,0
DA:1024,0
DA:1025,0
DA:1029,0
DA:1030,0
DA:1032,0
DA:1033,0
DA:1034,0
DA:1039,0
DA:1040,0
DA:1041,0
DA:1044,0
DA:1045,0
DA:1046,0
DA:1049,0
DA:1050,0
DA:1053,0
DA:1062,0
DA:1063,0
DA:1064,0
DA:1065,0
DA:1068,0
DA:1069,0
DA:1070,0
DA:1071,0
DA:1075,0
DA:1082,0
DA:1083,0
DA:1085,0
DA:1086,0
DA:1087,0
DA:1090,0
DA:1091,0
DA:1092,0
DA:1093,0
DA:1094,0
DA:1098,0
DA:1099,0
DA:1100,0
DA:1101,0
DA:1102,0
DA:1106,0
DA:1107,0
DA:1108,0
DA:1109,0
DA:1110,0
DA:1111,0
DA:1112,0
DA:1113,0
DA:1116,0
DA:1117,0
DA:1118,0
DA:1119,0
DA:1120,0
DA:1121,0
DA:1123,0
DA:1125,0
DA:1126,0
DA:1127,0
DA:1128,0
DA:1129,0
DA:1132,0
DA:1133,0
DA:1138,0
DA:1142,0
DA:1143,0
DA:1144,0
DA:1147,0
DA:1153,1
DA:1154,1
DA:1156,1
DA:1157,0
DA:1159,2
DA:1160,2
DA:1162,0
DA:1163,0
DA:1169,2
DA:1175,1
DA:1177,6
DA:1178,6
DA:1179,2
DA:1180,3
DA:1185,1
DA:1188,5
DA:1189,1
DA:1190,1
DA:1191,1
DA:1192,1
DA:1193,2
DA:1194,1
DA:1195,1
DA:1196,1
DA:1201,2
DA:1202,1
DA:1203,1
DA:1204,1
DA:1205,1
DA:1206,1
DA:1207,1
DA:1214,1
DA:1215,1
DA:1216,1
LF:513
LH:272
end_of_record
TN:
SF:/home/ggomes/Documents/discord-overlay/src/handlers.rs
FN:28,button_rects
FN:33,button2_rects
FN:38,drag_handle_rects
FN:45,<impl CompositorHandler for App>::scale_factor_changed
FN:53,<impl CompositorHandler for App>::transform_changed
FN:61,<impl CompositorHandler for App>::frame
FN:62,<impl CompositorHandler for App>::surface_enter
FN:70,<impl CompositorHandler for App>::surface_leave
FN:81,<impl OutputHandler for App>::output_state
FN:84,<impl OutputHandler for App>::new_output
FN:85,<impl OutputHandler for App>::update_output
FN:86,<impl OutputHandler for App>::output_destroyed
FN:90,<impl LayerShellHandler for App>::closed
FN:93,<impl LayerShellHandler for App>::configure
FN:114,<impl SeatHandler for App>::seat_state
FN:117,<impl SeatHandler for App>::new_seat
FN:118,<impl SeatHandler for App>::new_capability
FN:132,<impl SeatHandler for App>::remove_capability
FN:140,<impl SeatHandler for App>::remove_seat
FN:144,<impl PointerHandler for App>::pointer_frame
FN:324,<impl KeyboardHandler for App>::enter
FN:335,<impl KeyboardHandler for App>::leave
FN:344,<impl KeyboardHandler for App>::press_key
FN:353,<impl KeyboardHandler for App>::repeat_key
FN:362,<impl KeyboardHandler for App>::release_key
FN:371,<impl KeyboardHandler for App>::update_modifiers
FN:383,<impl KeyboardHandler for App>::update_repeat_info
FN:406,<impl ProvidesRegistryState for App>::registry
FNF:28
FNDA:1,button_rects
FNDA:1,button2_rects
FNDA:1,drag_handle_rects
FNDA:0,<impl CompositorHandler for App>::scale_factor_changed
FNDA:0,<impl CompositorHandler for App>::transform_changed
FNDA:0,<impl CompositorHandler for App>::frame
FNDA:0,<impl CompositorHandler for App>::surface_enter
FNDA:0,<impl CompositorHandler for App>::surface_leave
FNDA:0,<impl OutputHandler for App>::output_state
FNDA:0,<impl OutputHandler for App>::new_output
FNDA:0,<impl OutputHandler for App>::update_output
FNDA:0,<impl OutputHandler for App>::output_destroyed
FNDA:0,<impl LayerShellHandler for App>::closed
FNDA:0,<impl LayerShellHandler for App>::configure
FNDA:0,<impl SeatHandler for App>::seat_state
FNDA:0,<impl SeatHandler for App>::new_seat
FNDA:0,<impl SeatHandler for App>::new_capability
FNDA:0,<impl SeatHandler for App>::remove_capability
FNDA:0,<impl SeatHandler for App>::remove_seat
FNDA:0,<impl PointerHandler for App>::pointer_frame
FNDA:0,<impl KeyboardHandler for App>::enter
FNDA:0,<impl KeyboardHandler for App>::leave
FNDA:0,<impl KeyboardHandler for App>::press_key
FNDA:0,<impl KeyboardHandler for App>::repeat_key
FNDA:0,<impl KeyboardHandler for App>::release_key
FNDA:0,<impl KeyboardHandler for App>::update_modifiers
FNDA:0,<impl KeyboardHandler for App>::update_repeat_info
FNDA:0,<impl ProvidesRegistryState for App>::registry
DA:28,1
DA:29,1
DA:30,1
DA:31,3
DA:33,1
DA:34,1
DA:35,1
DA:36,2
DA:38,1
DA:39,1
DA:45,0
DA:53,0
DA:61,0
DA:62,0
DA:70,0
DA:81,0
DA:82,0
DA:84,0
DA:85,0
DA:86,0
DA:90,0
DA:91,0
DA:93,0
DA:101,0
DA:102,0
DA:103,0
DA:105,0
DA:106,0
DA:108,0
DA:109,0
DA:114,0
DA:115,0
DA:117,0
DA:118,0
DA:125,0
DA:126,0
DA:128,0
DA:129,0
DA:132,0
DA:140,0
DA:144,0
DA:152,0
DA:153,0
DA:156,0
DA:158,0
DA:159,0
DA:164,0
DA:165,0
DA:166,0
DA:170,0
DA:171,0
DA:172,0
DA:173,0
DA:174,0
DA:176,0
DA:177,0
DA:178,0
DA:179,0
DA:180,0
DA:181,0
DA:182,0
DA:183,0
DA:184,0
DA:185,0
DA:191,0
DA:192,0
DA:194,0
DA:195,0
DA:196,0
DA:198,0
DA:199,0
DA:203,0
DA:204,0
DA:206,0
DA:207,0
DA:215,0
DA:216,0
DA:218,0
DA:219,0
DA:222,0
DA:224,0
DA:225,0
DA:227,0
DA:229,0
DA:231,0
DA:232,0
DA:233,0
DA:234,0
DA:235,0
DA:236,0
DA:237,0
DA:242,0
DA:246,0
DA:248,0
DA:249,0
DA:250,0
DA:251,0
DA:252,0
DA:253,0
DA:255,0
DA:256,0
DA:260,0
DA:262,0
DA:263,0
DA:265,0
DA:266,0
DA:268,0
DA:269,0
DA:271,0
DA:273,0
DA:274,0
DA:276,0
DA:279,0
DA:280,0
DA:281,0
DA:282,0
DA:283,0
DA:284,0
DA:285,0
DA:288,0
DA:289,0
DA:290,0
DA:294,0
DA:295,0
DA:296,0
DA:299,0
DA:300,0
DA:301,0
DA:303,0
DA:304,0
DA:307,0
DA:308,0
DA:310,0
DA:314,0
DA:316,0
DA:324,0
DA:335,0
DA:344,0
DA:353,0
DA:362,0
DA:371,0
DA:381,0
DA:383,0
DA:406,0
DA:407,0
LF:145
LH:10
end_of_record
TN:
SF:/home/ggomes/Documents/discord-overlay/src/main.rs
FN:35,main
FNF:1
FNDA:0,main
DA:35,0
DA:37,0
DA:39,0
DA:40,0
DA:46,0
DA:48,0
DA:49,0
DA:51,0
DA:52,0
DA:53,0
DA:55,0
DA:56,0
DA:58,0
DA:59,0
DA:62,0
DA:63,0
DA:64,0
DA:65,0
DA:66,0
DA:67,0
DA:79,0
DA:80,0
DA:82,0
DA:83,0
DA:87,0
DA:88,0
DA:89,0
DA:90,0
DA:91,0
DA:92,0
DA:99,0
DA:101,0
DA:102,0
DA:103,0
DA:104,0
DA:107,0
DA:108,0
DA:109,0
DA:110,0
DA:111,0
DA:112,0
DA:113,0
DA:114,0
DA:116,0
DA:117,0
DA:118,0
DA:122,0
DA:123,0
DA:124,0
DA:125,0
DA:126,0
DA:127,0
DA:128,0
DA:131,0
DA:132,0
DA:135,0
DA:136,0
DA:141,0
DA:143,0
DA:144,0
DA:145,0
DA:146,0
DA:148,0
DA:150,0
DA:151,0
DA:152,0
DA:153,0
DA:155,0
DA:159,0
DA:161,0
DA:162,0
DA:163,0
DA:164,0
DA:165,0
DA:166,0
DA:169,0
DA:173,0
DA:174,0
DA:175,0
DA:176,0
DA:178,0
DA:179,0
DA:180,0
DA:186,0
DA:187,0
DA:188,0
DA:189,0
DA:190,0
DA:192,0
DA:194,0
DA:198,0
DA:199,0
DA:203,0
DA:204,0
DA:205,0
DA:206,0
DA:207,0
DA:208,0
DA:209,0
DA:210,0
DA:211,0
DA:213,0
DA:215,0
DA:216,0
DA:219,0
DA:220,0
DA:221,0
DA:225,0
DA:226,0
DA:230,0
DA:231,0
DA:232,0
DA:233,0
DA:234,0
DA:237,0
DA:239,0
DA:244,0
DA:245,0
DA:247,0
DA:249,0
DA:250,0
DA:251,0
DA:253,0
DA:254,0
DA:256,0
DA:257,0
DA:259,0
DA:262,0
DA:266,0
DA:267,0
DA:268,0
DA:276,0
DA:278,0
DA:279,0
DA:280,0
DA:285,0
DA:290,0
DA:291,0
DA:292,0
DA:293,0
DA:294,0
DA:305,0
DA:309,0
DA:313,0
DA:318,0
DA:321,0
DA:322,0
DA:323,0
DA:324,0
DA:325,0
DA:326,0
DA:330,0
DA:331,0
DA:332,0
DA:333,0
DA:335,0
DA:339,0
DA:340,0
DA:342,0
DA:343,0
DA:344,0
DA:345,0
DA:346,0
DA:347,0
DA:349,0
DA:350,0
DA:353,0
DA:354,0
DA:361,0
DA:362,0
DA:363,0
DA:364,0
DA:365,0
DA:366,0
DA:367,0
DA:370,0
DA:371,0
DA:373,0
DA:374,0
DA:375,0
DA:376,0
DA:377,0
DA:378,0
DA:379,0
DA:382,0
DA:384,0
DA:389,0
DA:391,0
DA:392,0
DA:393,0
DA:398,0
LF:191
LH:0
end_of_record
TN:
SF:/home/ggomes/Documents/discord-overlay/src/render.rs
FN:95,smoothstep
FN:100,sdf_rrect
FN:106,sdf_arc
FN:122,rasterize
FN:140,icon_mic
FN:150,icon_headphone
FN:159,icon_strikeout
FNF:7
FNDA:1,smoothstep
FNDA:1,sdf_rrect
FNDA:1,sdf_arc
FNDA:3,rasterize
FNDA:1,icon_mic
FNDA:1,icon_headphone
FNDA:1,icon_strikeout
DA:95,1
DA:96,1
DA:97,1
DA:100,1
DA:101,1
DA:102,1
DA:103,1
DA:106,1
DA:107,1
DA:108,1
DA:109,1
DA:110,3
DA:111,1
DA:113,1
DA:115,2
DA:116,1
DA:118,1
DA:122,3
DA:123,3
DA:124,3
DA:125,6
DA:126,6
DA:127,9
DA:128,3
DA:129,3
DA:130,3
DA:131,3
DA:132,3
DA:133,6
DA:134,3
DA:137,3
DA:140,1
DA:141,2
DA:142,1
DA:143,1
DA:144,1
DA:145,1
DA:146,1
DA:150,1
DA:151,2
DA:152,1
DA:153,1
DA:154,1
DA:155,1
DA:159,1
DA:160,1
DA:161,1
DA:162,1
DA:163,2
DA:164,3
DA:165,1
DA:166,1
DA:167,1
DA:168,1
DA:169,1
DA:170,1
DA:171,1
DA:172,1
DA:173,1
DA:174,2
DA:175,1
DA:176,1
DA:177,1
DA:180,1
DA:634,1
DA:636,1
DA:637,1
DA:641,1
DA:643,1
DA:644,1
DA:645,1
DA:646,0
DA:648,2
DA:650,4
DA:654,1
DA:655,1
DA:656,2
DA:657,2
DA:660,1
DA:661,2
DA:662,2
DA:663,2
DA:664,3
DA:665,1
DA:666,2
DA:667,1
DA:668,1
DA:669,1
DA:675,1
DA:676,2
DA:677,2
DA:678,2
DA:679,2
DA:680,1
DA:683,1
DA:686,1
DA:687,1
DA:696,2
DA:697,2
DA:698,2
DA:701,3
DA:702,1
DA:706,0
LF:103
LH:101
end_of_record
TN:
SF:/home/ggomes/Documents/discord-overlay/src/state.rs
FN:101,App::visible_row_count
FN:106,App::render_text_tex
FN:121,App::resize_overlay
FN:138,App::apply_compact_resize
FN:169,App::draw_compact
FN:203,App::clear_input_region
FN:210,App::make_name_texture
FN:221,App::ensure_initial_texture
FN:235,App::handle_discord_event
FN:439,App::draw
FN:830,delete_texture_if_present
FN:840,delete_all_textures_in_map
FN:850,delete_all_avatar_textures
FN:862,draw_compact_core
FN:916,visible_row_count_len
FN:920,compute_compact_dimensions
FN:926,compute_normal_height
FN:932,scroll_label
FN:941,initial_for_name
FN:948,placeholder_color_from_userid
FN:956,placeholder_color_index
FNF:21
FNDA:0,App::visible_row_count
FNDA:0,App::render_text_tex
FNDA:0,App::resize_overlay
FNDA:0,App::apply_compact_resize
FNDA:0,App::draw_compact
FNDA:0,App::clear_input_region
FNDA:0,App::make_name_texture
FNDA:0,App::ensure_initial_texture
FNDA:0,App::handle_discord_event
FNDA:0,App::draw
FNDA:0,delete_texture_if_present
FNDA:0,delete_all_textures_in_map
FNDA:0,delete_all_avatar_textures
FNDA:1,draw_compact_core
FNDA:1,visible_row_count_len
FNDA:1,compute_compact_dimensions
FNDA:1,compute_normal_height
FNDA:1,scroll_label
FNDA:1,initial_for_name
FNDA:1,placeholder_color_from_userid
FNDA:1,placeholder_color_index
DA:101,0
DA:102,0
DA:106,0
DA:111,0
DA:112,0
DA:113,0
DA:114,0
DA:115,0
DA:117,0
DA:121,0
DA:122,0
DA:125,0
DA:131,0
DA:132,0
DA:133,0
DA:138,0
DA:139,0
DA:140,0
DA:141,0
DA:142,0
DA:143,0
DA:144,0
DA:145,0
DA:147,0
DA:148,0
DA:149,0
DA:151,0
DA:153,0
DA:154,0
DA:155,0
DA:156,0
DA:157,0
DA:161,0
DA:162,0
DA:163,0
DA:164,0
DA:165,0
DA:169,0
DA:171,0
DA:174,0
DA:175,0
DA:177,0
DA:178,0
DA:183,0
DA:184,0
DA:185,0
DA:186,0
DA:187,0
DA:188,0
DA:189,0
DA:190,0
DA:191,0
DA:195,0
DA:196,0
DA:197,0
DA:199,0
DA:203,0
DA:204,0
DA:206,0
DA:207,0
DA:210,0
DA:211,0
DA:212,0
DA:213,0
DA:214,0
DA:215,0
DA:216,0
DA:221,0
DA:222,0
DA:228,0
DA:229,0
DA:230,0
DA:231,0
DA:235,0
DA:236,0
DA:237,0
DA:238,0
DA:239,0
DA:240,0
DA:242,0
DA:243,0
DA:244,0
DA:245,0
DA:246,0
DA:248,0
DA:249,0
DA:250,0
DA:252,0
DA:257,0
DA:258,0
DA:260,0
DA:261,0
DA:262,0
DA:263,0
DA:264,0
DA:265,0
DA:267,0
DA:268,0
DA:269,0
DA:270,0
DA:271,0
DA:272,0
DA:273,0
DA:274,0
DA:275,0
DA:280,0
DA:281,0
DA:282,0
DA:283,0
DA:284,0
DA:285,0
DA:286,0
DA:287,0
DA:288,0
DA:293,0
DA:294,0
DA:297,0
DA:299,0
DA:300,0
DA:301,0
DA:304,0
DA:305,0
DA:306,0
DA:307,0
DA:308,0
DA:310,0
DA:312,0
DA:313,0
DA:314,0
DA:315,0
DA:317,0
DA:319,0
DA:321,0
DA:322,0
DA:324,0
DA:328,0
DA:329,0
DA:330,0
DA:331,0
DA:332,0
DA:333,0
DA:334,0
DA:339,0
DA:340,0
DA:341,0
DA:342,0
DA:344,0
DA:346,0
DA:347,0
DA:348,0
DA:349,0
DA:351,0
DA:353,0
DA:354,0
DA:357,0
DA:359,0
DA:360,0
DA:361,0
DA:363,0
DA:365,0
DA:370,0
DA:371,0
DA:372,0
DA:373,0
DA:374,0
DA:376,0
DA:378,0
DA:379,0
DA:380,0
DA:384,0
DA:386,0
DA:388,0
DA:390,0
DA:392,0
DA:397,0
DA:398,0
DA:399,0
DA:401,0
DA:402,0
DA:403,0
DA:404,0
DA:406,0
DA:407,0
DA:409,0
DA:413,0
DA:414,0
DA:415,0
DA:417,0
DA:418,0
DA:420,0
DA:421,0
DA:423,0
DA:424,0
DA:425,0
DA:426,0
DA:427,0
DA:428,0
DA:429,0
DA:430,0
DA:431,0
DA:432,0
DA:433,0
DA:434,0
DA:439,0
DA:440,0
DA:441,0
DA:444,0
DA:445,0
DA:446,0
DA:447,0
DA:448,0
DA:450,0
DA:451,0
DA:452,0
DA:453,0
DA:456,0
DA:457,0
DA:458,0
DA:459,0
DA:460,0
DA:463,0
DA:464,0
DA:469,0
DA:470,0
DA:471,0
DA:472,0
DA:474,0
DA:475,0
DA:476,0
DA:478,0
DA:479,0
DA:480,0
DA:485,0
DA:487,0
DA:488,0
DA:490,0
DA:492,0
DA:493,0
DA:495,0
DA:497,0
DA:498,0
DA:502,0
DA:503,0
DA:505,0
DA:507,0
DA:508,0
DA:512,0
DA:513,0
DA:514,0
DA:515,0
DA:516,0
DA:517,0
DA:518,0
DA:519,0
DA:520,0
DA:524,0
DA:526,0
DA:527,0
DA:528,0
DA:529,0
DA:530,0
DA:531,0
DA:538,0
DA:539,0
DA:540,0
DA:541,0
DA:542,0
DA:548,0
DA:549,0
DA:550,0
DA:551,0
DA:552,0
DA:553,0
DA:562,0
DA:563,0
DA:564,0
DA:565,0
DA:566,0
DA:569,0
DA:572,0
DA:573,0
DA:574,0
DA:575,0
DA:576,0
DA:577,0
DA:578,0
DA:581,0
DA:582,0
DA:583,0
DA:584,0
DA:585,0
DA:586,0
DA:588,0
DA:589,0
DA:590,0
DA:593,0
DA:594,0
DA:595,0
DA:599,0
DA:603,0
DA:604,0
DA:605,0
DA:606,0
DA:608,0
DA:609,0
DA:612,0
DA:613,0
DA:614,0
DA:616,0
DA:617,0
DA:622,0
DA:623,0
DA:626,0
DA:627,0
DA:628,0
DA:630,0
DA:631,0
DA:632,0
DA:635,0
DA:637,0
DA:638,0
DA:643,0
DA:644,0
DA:645,0
DA:646,0
DA:652,0
DA:653,0
DA:654,0
DA:656,0
DA:662,0
DA:663,0
DA:664,0
DA:665,0
DA:672,0
DA:673,0
DA:674,0
DA:675,0
DA:677,0
DA:678,0
DA:679,0
DA:680,0
DA:681,0
DA:682,0
DA:684,0
DA:685,0
DA:692,0
DA:696,0
DA:697,0
DA:698,0
DA:699,0
DA:700,0
DA:701,0
DA:706,0
DA:707,0
DA:708,0
DA:709,0
DA:710,0
DA:711,0
DA:712,0
DA:713,0
DA:714,0
DA:715,0
DA:716,0
DA:720,0
DA:721,0
DA:722,0
DA:723,0
DA:724,0
DA:725,0
DA:726,0
DA:727,0
DA:729,0
DA:731,0
DA:732,0
DA:733,0
DA:734,0
DA:740,0
DA:741,0
DA:742,0
DA:743,0
DA:748,0
DA:749,0
DA:750,0
DA:751,0
DA:759,0
DA:762,0
DA:763,0
DA:765,0
DA:767,0
DA:768,0
DA:769,0
DA:770,0
DA:776,0
DA:777,0
DA:778,0
DA:779,0
DA:784,0
DA:785,0
DA:786,0
DA:787,0
DA:795,0
DA:801,0
DA:802,0
DA:803,0
DA:810,0
DA:813,0
DA:814,0
DA:815,0
DA:816,0
DA:817,0
DA:821,0
DA:830,0
DA:834,0
DA:835,0
DA:840,0
DA:844,0
DA:845,0
DA:850,0
DA:854,0
DA:855,0
DA:862,1
DA:873,1
DA:874,1
DA:875,1
DA:876,1
DA:877,1
DA:878,1
DA:880,1
DA:881,1
DA:883,1
DA:884,2
DA:886,1
DA:888,3
DA:889,1
DA:890,1
DA:891,1
DA:894,2
DA:895,1
DA:896,1
DA:899,3
DA:900,1
DA:901,1
DA:902,1
DA:903,1
DA:904,1
DA:905,1
DA:906,1
DA:907,1
DA:916,1
DA:917,1
DA:920,1
DA:921,1
DA:922,1
DA:926,1
DA:927,1
DA:928,1
DA:929,1
DA:932,1
DA:933,1
DA:934,1
DA:935,1
DA:936,1
DA:937,1
DA:941,1
DA:942,1
DA:944,3
DA:945,3
DA:948,1
DA:949,3
DA:950,1
DA:951,1
DA:952,1
DA:953,1
DA:956,1
DA:957,3
DA:958,1
LF:476
LH:56
end_of_record
